<?xml version="1.0" encoding="UTF-8"?>
<!-- Generated by org.testng.reporters.JUnitXMLReporter -->
<testsuite hostname="ustjava14" ignored="0" name="Test" tests="10" failures="0" timestamp="2021-11-09T09:40:08 GMT+05:30" time="21.419" errors="0">
  <testcase name="a" time="0.015" classname="Example.Test1"/>
  <testcase name="f" time="1.457" classname="Example.Test1"/>
  <testcase name="f1" time="2.207" classname="Example.Test1"/>
  <testcase name="f2" time="4.702" classname="Example.Test1"/>
  <testcase name="f3" time="1.453" classname="Example.Test1"/>
  <testcase name="f4" time="0.087" classname="Example.Test1"/>
  <testcase name="f5" time="0.041" classname="Example.Test1"/>
  <testcase name="f6" time="0.761" classname="Example.Test1"/>
  <testcase name="f7" time="1.848" classname="Example.Test1"/>
  <testcase name="m" time="1.96" classname="Example.Test1"/>
</testsuite> <!-- Test -->
