<?xml version="1.0" encoding="UTF-8"?>
<!-- Generated by org.testng.reporters.JUnitXMLReporter -->
<testsuite ignored="0" hostname="ustjava14" failures="0" tests="10" name="Default test" time="22.42" errors="0" timestamp="2021-11-08T16:44:27 GMT+05:30">
  <testcase classname="Example.Test1" name="a" time="0.022"/>
  <testcase classname="Example.Test1" name="f" time="1.447"/>
  <testcase classname="Example.Test1" name="f1" time="2.362"/>
  <testcase classname="Example.Test1" name="f2" time="4.747"/>
  <testcase classname="Example.Test1" name="f3" time="1.538"/>
  <testcase classname="Example.Test1" name="f4" time="0.053"/>
  <testcase classname="Example.Test1" name="f5" time="0.053"/>
  <testcase classname="Example.Test1" name="f6" time="0.81"/>
  <testcase classname="Example.Test1" name="f7" time="1.789"/>
  <testcase classname="Example.Test1" name="m" time="2.276"/>
</testsuite> <!-- Default test -->
