<?xml version="1.0" encoding="UTF-8"?>
<testng-results ignored="0" total="2" passed="2" failed="0" skipped="0">
  <reporter-output>
  </reporter-output>
  <suite started-at="2021-11-10T09:10:41 GMT+05:30" name="Default suite" finished-at="2021-11-10T09:11:03 GMT+05:30" duration-ms="21884">
    <groups>
      <group name="cucumber">
        <method signature="AbstractTestNGCucumberTests.runScenario(io.cucumber.testng.PickleWrapper,io.cucumber.testng.FeatureWrapper)[pri:0, instance:testRun.testRunner@156b88f5]" name="runScenario" class="io.cucumber.testng.AbstractTestNGCucumberTests"/>
      </group> <!-- cucumber -->
    </groups>
    <test started-at="2021-11-10T09:10:41 GMT+05:30" name="Default test" finished-at="2021-11-10T09:11:03 GMT+05:30" duration-ms="21884">
      <class name="testRun.testRunner">
        <test-method is-config="true" signature="setUpClass()[pri:0, instance:testRun.testRunner@156b88f5]" started-at="2021-11-10T09:10:41 GMT+05:30" name="setUpClass" finished-at="2021-11-10T09:10:41 GMT+05:30" duration-ms="294" status="PASS">
          <reporter-output>
          </reporter-output>
        </test-method> <!-- setUpClass -->
        <test-method signature="runScenario(io.cucumber.testng.PickleWrapper,io.cucumber.testng.FeatureWrapper)[pri:0, instance:testRun.testRunner@156b88f5]" started-at="2021-11-10T09:10:41 GMT+05:30" name="runScenario" description="Runs Cucumber Scenarios" data-provider="scenarios" finished-at="2021-11-10T09:10:55 GMT+05:30" duration-ms="13622" status="PASS">
          <params>
            <param index="0">
              <value>
                <![CDATA["Register functionality exists"]]>
              </value>
            </param>
            <param index="1">
              <value>
                <![CDATA["Test"]]>
              </value>
            </param>
          </params>
          <reporter-output>
          </reporter-output>
        </test-method> <!-- runScenario -->
        <test-method signature="runScenario(io.cucumber.testng.PickleWrapper,io.cucumber.testng.FeatureWrapper)[pri:0, instance:testRun.testRunner@156b88f5]" started-at="2021-11-10T09:10:55 GMT+05:30" name="runScenario" description="Runs Cucumber Scenarios" data-provider="scenarios" finished-at="2021-11-10T09:11:03 GMT+05:30" duration-ms="7900" status="PASS">
          <params>
            <param index="0">
              <value>
                <![CDATA["Login functionality exists"]]>
              </value>
            </param>
            <param index="1">
              <value>
                <![CDATA["Test"]]>
              </value>
            </param>
          </params>
          <reporter-output>
          </reporter-output>
        </test-method> <!-- runScenario -->
        <test-method is-config="true" signature="tearDownClass()[pri:0, instance:testRun.testRunner@156b88f5]" started-at="2021-11-10T09:11:03 GMT+05:30" name="tearDownClass" finished-at="2021-11-10T09:11:03 GMT+05:30" duration-ms="6" status="PASS">
          <reporter-output>
          </reporter-output>
        </test-method> <!-- tearDownClass -->
      </class> <!-- testRun.testRunner -->
    </test> <!-- Default test -->
  </suite> <!-- Default suite -->
</testng-results>
