<?xml version="1.0" encoding="UTF-8"?>
<testng-results ignored="0" total="1" passed="1" failed="0" skipped="0">
  <reporter-output>
  </reporter-output>
  <suite started-at="2021-10-29T10:12:33 GMT+05:30" name="Default suite" finished-at="2021-10-29T10:12:33 GMT+05:30" duration-ms="131">
    <groups>
    </groups>
    <test started-at="2021-10-29T10:12:33 GMT+05:30" name="Default test" finished-at="2021-10-29T10:12:33 GMT+05:30" duration-ms="131">
      <class name="mockito.saa">
        <test-method signature="test()[pri:0, instance:mockito.saa@67c33749]" started-at="2021-10-29T10:12:33 GMT+05:30" name="test" finished-at="2021-10-29T10:12:33 GMT+05:30" duration-ms="83" status="PASS">
          <reporter-output>
          </reporter-output>
        </test-method> <!-- test -->
      </class> <!-- mockito.saa -->
    </test> <!-- Default test -->
  </suite> <!-- Default suite -->
</testng-results>
