<?xml version="1.0" encoding="UTF-8"?>
<!-- Generated by org.testng.reporters.JUnitXMLReporter -->
<testsuite ignored="0" hostname="ustjava14" failures="0" tests="10" name="Default test" time="23.904" errors="0" timestamp="2021-10-29T17:05:46 GMT+05:30">
  <testcase classname="NewTest" name="a" time="0.033"/>
  <testcase classname="NewTest" name="f" time="1.604"/>
  <testcase classname="NewTest" name="f1" time="2.929"/>
  <testcase classname="NewTest" name="f2" time="4.039"/>
  <testcase classname="NewTest" name="f3" time="1.385"/>
  <testcase classname="NewTest" name="f4" time="0.047"/>
  <testcase classname="NewTest" name="f5" time="0.042"/>
  <testcase classname="NewTest" name="f6" time="0.713"/>
  <testcase classname="NewTest" name="f7" time="5.078"/>
  <testcase classname="NewTest" name="m" time="2.138"/>
</testsuite> <!-- Default test -->
